<?xml version="1.0" encoding="UTF-8"?>
<testsuite xmlns:xsi="http://www.w3.org/2001/XMLSchema-instance" xsi:noNamespaceSchemaLocation="https://maven.apache.org/surefire/maven-surefire-plugin/xsd/surefire-test-report-3.0.xsd" version="3.0" name="com.example.lab1.Lab1javaApplicationTests" time="2.237" tests="1" errors="0" skipped="0" failures="0">
  <properties>
[...]
</properties>
  <testcase name="contextLoads" classname="com.example.lab1.Lab1javaApplicationTests" time="0.692">
    <system-out><![CDATA[14:59:55.560 [main] INFO org.springframework.test.context.support.AnnotationConfigContextLoaderUtils -- Could not detect default configuration classes for test class [com.example.lab1.Lab1javaApplicationTests]: Lab1javaApplicationTests does not declare any static, non-private, non-final, nested classes annotated with @Configuration.
14:59:55.664 [main] INFO org.springframework.boot.test.context.SpringBootTestContextBootstrapper -- Found @SpringBootConfiguration com.example.lab1.Lab1javaApplication for test class com.example.lab1.Lab1javaApplicationTests

  .   ____          _            __ _ _
 /\\ / ___'_ __ _ _(_)_ __  __ _ \ \ \ \
( ( )\___ | '_ | '_| | '_ \/ _` | \ \ \ \
 \\/  ___)| |_)| | | | | || (_| |  ) ) ) )
  '  |____| .__|_| |_|_| |_\__, | / / / /
 =========|_|==============|___/=/_/_/_/

 :: Spring Boot ::                (v3.3.4)

2024-10-04T14:59:56.013+02:00  INFO 25772 --- [lab1java] [           main] c.example.lab1.Lab1javaApplicationTests  : Starting Lab1javaApplicationTests using Java 17.0.6 with PID 25772 (started by dimitri in C:\KPIfiles\sem5\Backend\lab1java)
2024-10-04T14:59:56.014+02:00  INFO 25772 --- [lab1java] [           main] c.example.lab1.Lab1javaApplicationTests  : No active profile set, falling back to 1 default profile: "default"
2024-10-04T14:59:56.960+02:00  INFO 25772 --- [lab1java] [           main] c.example.lab1.Lab1javaApplicationTests  : Started Lab1javaApplicationTests in 1.159 seconds (process running for 1.998)
]]></system-out>
  </testcase>
</testsuite>